<?xml version="1.0" encoding="UTF-8"?>
<testng-results ignored="0" total="1" passed="1" failed="0" skipped="0">
  <reporter-output>
  </reporter-output>
  <suite started-at="2021-03-30T12:19:41 WEST" name="Surefire suite" finished-at="2021-03-30T12:19:41 WEST" duration-ms="63">
    <groups>
    </groups>
    <test started-at="2021-03-30T12:19:41 WEST" name="Surefire test" finished-at="2021-03-30T12:19:41 WEST" duration-ms="63">
      <class name="ist.meic.pava.MultipleDispatch.AppTest">
        <test-method signature="shouldAnswerWithTrue()" started-at="2021-03-30T12:19:41 WEST" name="shouldAnswerWithTrue" finished-at="2021-03-30T12:19:41 WEST" duration-ms="15" status="PASS">
          <reporter-output>
          </reporter-output>
        </test-method> <!-- shouldAnswerWithTrue -->
      </class> <!-- ist.meic.pava.MultipleDispatch.AppTest -->
    </test> <!-- Surefire test -->
  </suite> <!-- Surefire suite -->
</testng-results>
