<?xml version="1.0" encoding="UTF-8"?>
<!-- Generated by org.testng.reporters.JUnitXMLReporter -->
<testsuite ignored="0" hostname="Daniel-PT" failures="24" tests="24" name="Surefire test" time="0.062" errors="0" timestamp="2021-03-30T12:19:41 WEST">
  <testcase classname="ist.meic.pava.MultipleDispatch.ComplexTest" name="shouldEqualString" time="0.003">
    <failure type="java.lang.UnsupportedOperationException">
      <![CDATA[java.lang.UnsupportedOperationException
at ist.meic.pava.MultipleDispatch.UsingMultipleDispatch.invoke(UsingMultipleDispatch.java:5)
at ist.meic.pava.MultipleDispatch.ComplexTest.shouldEqualString(ComplexTest.java:75)
at java.base/java.util.ArrayList.forEach(ArrayList.java:1511)
... Removed 32 stack frames]]>
    </failure>
  </testcase> <!-- shouldEqualString -->
  <testcase classname="ist.meic.pava.MultipleDispatch.ComplexTest" name="shouldEqualString" time="0.0">
    <failure type="java.lang.UnsupportedOperationException">
      <![CDATA[java.lang.UnsupportedOperationException
at ist.meic.pava.MultipleDispatch.UsingMultipleDispatch.invoke(UsingMultipleDispatch.java:5)
at ist.meic.pava.MultipleDispatch.ComplexTest.shouldEqualString(ComplexTest.java:75)
at java.base/java.util.ArrayList.forEach(ArrayList.java:1511)
... Removed 32 stack frames]]>
    </failure>
  </testcase> <!-- shouldEqualString -->
  <testcase classname="ist.meic.pava.MultipleDispatch.ComplexTest" name="shouldEqualString" time="0.001">
    <failure type="java.lang.UnsupportedOperationException">
      <![CDATA[java.lang.UnsupportedOperationException
at ist.meic.pava.MultipleDispatch.UsingMultipleDispatch.invoke(UsingMultipleDispatch.java:5)
at ist.meic.pava.MultipleDispatch.ComplexTest.shouldEqualString(ComplexTest.java:75)
at java.base/java.util.ArrayList.forEach(ArrayList.java:1511)
... Removed 32 stack frames]]>
    </failure>
  </testcase> <!-- shouldEqualString -->
  <testcase classname="ist.meic.pava.MultipleDispatch.ComplexTest" name="shouldEqualString" time="0.001">
    <failure type="java.lang.UnsupportedOperationException">
      <![CDATA[java.lang.UnsupportedOperationException
at ist.meic.pava.MultipleDispatch.UsingMultipleDispatch.invoke(UsingMultipleDispatch.java:5)
at ist.meic.pava.MultipleDispatch.ComplexTest.shouldEqualString(ComplexTest.java:75)
at java.base/java.util.ArrayList.forEach(ArrayList.java:1511)
... Removed 32 stack frames]]>
    </failure>
  </testcase> <!-- shouldEqualString -->
  <testcase classname="ist.meic.pava.MultipleDispatch.ComplexTest" name="shouldEqualString" time="0.0">
    <failure type="java.lang.UnsupportedOperationException">
      <![CDATA[java.lang.UnsupportedOperationException
at ist.meic.pava.MultipleDispatch.UsingMultipleDispatch.invoke(UsingMultipleDispatch.java:5)
at ist.meic.pava.MultipleDispatch.ComplexTest.shouldEqualString(ComplexTest.java:75)
at java.base/java.util.ArrayList.forEach(ArrayList.java:1511)
... Removed 32 stack frames]]>
    </failure>
  </testcase> <!-- shouldEqualString -->
  <testcase classname="ist.meic.pava.MultipleDispatch.ComplexTest" name="shouldEqualString" time="0.0">
    <failure type="java.lang.UnsupportedOperationException">
      <![CDATA[java.lang.UnsupportedOperationException
at ist.meic.pava.MultipleDispatch.UsingMultipleDispatch.invoke(UsingMultipleDispatch.java:5)
at ist.meic.pava.MultipleDispatch.ComplexTest.shouldEqualString(ComplexTest.java:75)
at java.base/java.util.ArrayList.forEach(ArrayList.java:1511)
... Removed 32 stack frames]]>
    </failure>
  </testcase> <!-- shouldEqualString -->
  <testcase classname="ist.meic.pava.MultipleDispatch.ComplexTest" name="shouldEqualString" time="0.0">
    <failure type="java.lang.UnsupportedOperationException">
      <![CDATA[java.lang.UnsupportedOperationException
at ist.meic.pava.MultipleDispatch.UsingMultipleDispatch.invoke(UsingMultipleDispatch.java:5)
at ist.meic.pava.MultipleDispatch.ComplexTest.shouldEqualString(ComplexTest.java:75)
at java.base/java.util.ArrayList.forEach(ArrayList.java:1511)
... Removed 32 stack frames]]>
    </failure>
  </testcase> <!-- shouldEqualString -->
  <testcase classname="ist.meic.pava.MultipleDispatch.ComplexTest" name="shouldEqualString" time="0.0">
    <failure type="java.lang.UnsupportedOperationException">
      <![CDATA[java.lang.UnsupportedOperationException
at ist.meic.pava.MultipleDispatch.UsingMultipleDispatch.invoke(UsingMultipleDispatch.java:5)
at ist.meic.pava.MultipleDispatch.ComplexTest.shouldEqualString(ComplexTest.java:75)
at java.base/java.util.ArrayList.forEach(ArrayList.java:1511)
... Removed 32 stack frames]]>
    </failure>
  </testcase> <!-- shouldEqualString -->
  <testcase classname="ist.meic.pava.MultipleDispatch.SimpleTest" name="shouldEqualString" time="0.0">
    <failure type="java.lang.UnsupportedOperationException">
      <![CDATA[java.lang.UnsupportedOperationException
at ist.meic.pava.MultipleDispatch.UsingMultipleDispatch.invoke(UsingMultipleDispatch.java:5)
at ist.meic.pava.MultipleDispatch.SimpleTest.shouldEqualString(SimpleTest.java:67)
at java.base/java.util.ArrayList.forEach(ArrayList.java:1511)
... Removed 32 stack frames]]>
    </failure>
  </testcase> <!-- shouldEqualString -->
  <testcase classname="ist.meic.pava.MultipleDispatch.SimpleTest" name="shouldEqualString" time="0.001">
    <failure type="java.lang.UnsupportedOperationException">
      <![CDATA[java.lang.UnsupportedOperationException
at ist.meic.pava.MultipleDispatch.UsingMultipleDispatch.invoke(UsingMultipleDispatch.java:5)
at ist.meic.pava.MultipleDispatch.SimpleTest.shouldEqualString(SimpleTest.java:67)
at java.base/java.util.ArrayList.forEach(ArrayList.java:1511)
... Removed 32 stack frames]]>
    </failure>
  </testcase> <!-- shouldEqualString -->
  <testcase classname="ist.meic.pava.MultipleDispatch.SimpleTest" name="shouldEqualString" time="0.0">
    <failure type="java.lang.UnsupportedOperationException">
      <![CDATA[java.lang.UnsupportedOperationException
at ist.meic.pava.MultipleDispatch.UsingMultipleDispatch.invoke(UsingMultipleDispatch.java:5)
at ist.meic.pava.MultipleDispatch.SimpleTest.shouldEqualString(SimpleTest.java:67)
at java.base/java.util.ArrayList.forEach(ArrayList.java:1511)
... Removed 32 stack frames]]>
    </failure>
  </testcase> <!-- shouldEqualString -->
  <testcase classname="ist.meic.pava.MultipleDispatch.SimpleTest" name="shouldEqualString" time="0.0">
    <failure type="java.lang.UnsupportedOperationException">
      <![CDATA[java.lang.UnsupportedOperationException
at ist.meic.pava.MultipleDispatch.UsingMultipleDispatch.invoke(UsingMultipleDispatch.java:5)
at ist.meic.pava.MultipleDispatch.SimpleTest.shouldEqualString(SimpleTest.java:67)
at java.base/java.util.ArrayList.forEach(ArrayList.java:1511)
... Removed 32 stack frames]]>
    </failure>
  </testcase> <!-- shouldEqualString -->
  <testcase classname="ist.meic.pava.MultipleDispatch.TestComplex" name="shouldEqualString" time="0.0">
    <failure type="java.lang.UnsupportedOperationException">
      <![CDATA[java.lang.UnsupportedOperationException
at ist.meic.pava.MultipleDispatch.UsingMultipleDispatch.invoke(UsingMultipleDispatch.java:5)
at ist.meic.pava.MultipleDispatch.TestComplex.shouldEqualString(TestComplex.java:75)
at java.base/java.util.ArrayList.forEach(ArrayList.java:1511)
... Removed 32 stack frames]]>
    </failure>
  </testcase> <!-- shouldEqualString -->
  <testcase classname="ist.meic.pava.MultipleDispatch.TestComplex" name="shouldEqualString" time="0.0">
    <failure type="java.lang.UnsupportedOperationException">
      <![CDATA[java.lang.UnsupportedOperationException
at ist.meic.pava.MultipleDispatch.UsingMultipleDispatch.invoke(UsingMultipleDispatch.java:5)
at ist.meic.pava.MultipleDispatch.TestComplex.shouldEqualString(TestComplex.java:75)
at java.base/java.util.ArrayList.forEach(ArrayList.java:1511)
... Removed 32 stack frames]]>
    </failure>
  </testcase> <!-- shouldEqualString -->
  <testcase classname="ist.meic.pava.MultipleDispatch.TestComplex" name="shouldEqualString" time="0.0">
    <failure type="java.lang.UnsupportedOperationException">
      <![CDATA[java.lang.UnsupportedOperationException
at ist.meic.pava.MultipleDispatch.UsingMultipleDispatch.invoke(UsingMultipleDispatch.java:5)
at ist.meic.pava.MultipleDispatch.TestComplex.shouldEqualString(TestComplex.java:75)
at java.base/java.util.ArrayList.forEach(ArrayList.java:1511)
... Removed 32 stack frames]]>
    </failure>
  </testcase> <!-- shouldEqualString -->
  <testcase classname="ist.meic.pava.MultipleDispatch.TestComplex" name="shouldEqualString" time="0.0">
    <failure type="java.lang.UnsupportedOperationException">
      <![CDATA[java.lang.UnsupportedOperationException
at ist.meic.pava.MultipleDispatch.UsingMultipleDispatch.invoke(UsingMultipleDispatch.java:5)
at ist.meic.pava.MultipleDispatch.TestComplex.shouldEqualString(TestComplex.java:75)
at java.base/java.util.ArrayList.forEach(ArrayList.java:1511)
... Removed 32 stack frames]]>
    </failure>
  </testcase> <!-- shouldEqualString -->
  <testcase classname="ist.meic.pava.MultipleDispatch.TestComplex" name="shouldEqualString" time="0.0">
    <failure type="java.lang.UnsupportedOperationException">
      <![CDATA[java.lang.UnsupportedOperationException
at ist.meic.pava.MultipleDispatch.UsingMultipleDispatch.invoke(UsingMultipleDispatch.java:5)
at ist.meic.pava.MultipleDispatch.TestComplex.shouldEqualString(TestComplex.java:75)
at java.base/java.util.ArrayList.forEach(ArrayList.java:1511)
... Removed 32 stack frames]]>
    </failure>
  </testcase> <!-- shouldEqualString -->
  <testcase classname="ist.meic.pava.MultipleDispatch.TestComplex" name="shouldEqualString" time="0.0">
    <failure type="java.lang.UnsupportedOperationException">
      <![CDATA[java.lang.UnsupportedOperationException
at ist.meic.pava.MultipleDispatch.UsingMultipleDispatch.invoke(UsingMultipleDispatch.java:5)
at ist.meic.pava.MultipleDispatch.TestComplex.shouldEqualString(TestComplex.java:75)
at java.base/java.util.ArrayList.forEach(ArrayList.java:1511)
... Removed 32 stack frames]]>
    </failure>
  </testcase> <!-- shouldEqualString -->
  <testcase classname="ist.meic.pava.MultipleDispatch.TestComplex" name="shouldEqualString" time="0.0">
    <failure type="java.lang.UnsupportedOperationException">
      <![CDATA[java.lang.UnsupportedOperationException
at ist.meic.pava.MultipleDispatch.UsingMultipleDispatch.invoke(UsingMultipleDispatch.java:5)
at ist.meic.pava.MultipleDispatch.TestComplex.shouldEqualString(TestComplex.java:75)
at java.base/java.util.ArrayList.forEach(ArrayList.java:1511)
... Removed 32 stack frames]]>
    </failure>
  </testcase> <!-- shouldEqualString -->
  <testcase classname="ist.meic.pava.MultipleDispatch.TestComplex" name="shouldEqualString" time="0.0">
    <failure type="java.lang.UnsupportedOperationException">
      <![CDATA[java.lang.UnsupportedOperationException
at ist.meic.pava.MultipleDispatch.UsingMultipleDispatch.invoke(UsingMultipleDispatch.java:5)
at ist.meic.pava.MultipleDispatch.TestComplex.shouldEqualString(TestComplex.java:75)
at java.base/java.util.ArrayList.forEach(ArrayList.java:1511)
... Removed 32 stack frames]]>
    </failure>
  </testcase> <!-- shouldEqualString -->
  <testcase classname="ist.meic.pava.MultipleDispatch.TestSimple" name="shouldEqualString" time="0.0">
    <failure type="java.lang.UnsupportedOperationException">
      <![CDATA[java.lang.UnsupportedOperationException
at ist.meic.pava.MultipleDispatch.UsingMultipleDispatch.invoke(UsingMultipleDispatch.java:5)
at ist.meic.pava.MultipleDispatch.TestSimple.shouldEqualString(TestSimple.java:67)
at java.base/java.util.ArrayList.forEach(ArrayList.java:1511)
... Removed 32 stack frames]]>
    </failure>
  </testcase> <!-- shouldEqualString -->
  <testcase classname="ist.meic.pava.MultipleDispatch.TestSimple" name="shouldEqualString" time="0.001">
    <failure type="java.lang.UnsupportedOperationException">
      <![CDATA[java.lang.UnsupportedOperationException
at ist.meic.pava.MultipleDispatch.UsingMultipleDispatch.invoke(UsingMultipleDispatch.java:5)
at ist.meic.pava.MultipleDispatch.TestSimple.shouldEqualString(TestSimple.java:67)
at java.base/java.util.ArrayList.forEach(ArrayList.java:1511)
... Removed 32 stack frames]]>
    </failure>
  </testcase> <!-- shouldEqualString -->
  <testcase classname="ist.meic.pava.MultipleDispatch.TestSimple" name="shouldEqualString" time="0.0">
    <failure type="java.lang.UnsupportedOperationException">
      <![CDATA[java.lang.UnsupportedOperationException
at ist.meic.pava.MultipleDispatch.UsingMultipleDispatch.invoke(UsingMultipleDispatch.java:5)
at ist.meic.pava.MultipleDispatch.TestSimple.shouldEqualString(TestSimple.java:67)
at java.base/java.util.ArrayList.forEach(ArrayList.java:1511)
... Removed 32 stack frames]]>
    </failure>
  </testcase> <!-- shouldEqualString -->
  <testcase classname="ist.meic.pava.MultipleDispatch.TestSimple" name="shouldEqualString" time="0.001">
    <failure type="java.lang.UnsupportedOperationException">
      <![CDATA[java.lang.UnsupportedOperationException
at ist.meic.pava.MultipleDispatch.UsingMultipleDispatch.invoke(UsingMultipleDispatch.java:5)
at ist.meic.pava.MultipleDispatch.TestSimple.shouldEqualString(TestSimple.java:67)
at java.base/java.util.ArrayList.forEach(ArrayList.java:1511)
... Removed 32 stack frames]]>
    </failure>
  </testcase> <!-- shouldEqualString -->
</testsuite> <!-- Surefire test -->
