<?xml version="1.0" encoding="UTF-8"?>
<testsuite xmlns:xsi="http://www.w3.org/2001/XMLSchema-instance" xsi:noNamespaceSchemaLocation="https://maven.apache.org/surefire/maven-surefire-plugin/xsd/surefire-test-report.xsd" name="TestSuite" time="0.762" tests="25" errors="0" skipped="0" failures="24">
  <properties>
[...]
</properties>
  <testcase name="shouldEqualString" classname="ist.meic.pava.MultipleDispatch.ComplexTest" time="0.01">
    <failure type="java.lang.UnsupportedOperationException">java.lang.UnsupportedOperationException
	at ist.meic.pava.MultipleDispatch.ComplexTest.shouldEqualString(ComplexTest.java:75)
</failure>
  </testcase>
  <testcase name="shouldEqualString" classname="ist.meic.pava.MultipleDispatch.ComplexTest" time="0">
    <failure type="java.lang.UnsupportedOperationException">java.lang.UnsupportedOperationException
	at ist.meic.pava.MultipleDispatch.ComplexTest.shouldEqualString(ComplexTest.java:75)
</failure>
  </testcase>
  <testcase name="shouldEqualString" classname="ist.meic.pava.MultipleDispatch.ComplexTest" time="0">
    <failure type="java.lang.UnsupportedOperationException">java.lang.UnsupportedOperationException
	at ist.meic.pava.MultipleDispatch.ComplexTest.shouldEqualString(ComplexTest.java:75)
</failure>
  </testcase>
  <testcase name="shouldEqualString" classname="ist.meic.pava.MultipleDispatch.ComplexTest" time="0">
    <failure type="java.lang.UnsupportedOperationException">java.lang.UnsupportedOperationException
	at ist.meic.pava.MultipleDispatch.ComplexTest.shouldEqualString(ComplexTest.java:75)
</failure>
  </testcase>
  <testcase name="shouldEqualString" classname="ist.meic.pava.MultipleDispatch.ComplexTest" time="0.001">
    <failure type="java.lang.UnsupportedOperationException">java.lang.UnsupportedOperationException
	at ist.meic.pava.MultipleDispatch.ComplexTest.shouldEqualString(ComplexTest.java:75)
</failure>
  </testcase>
  <testcase name="shouldEqualString" classname="ist.meic.pava.MultipleDispatch.ComplexTest" time="0">
    <failure type="java.lang.UnsupportedOperationException">java.lang.UnsupportedOperationException
	at ist.meic.pava.MultipleDispatch.ComplexTest.shouldEqualString(ComplexTest.java:75)
</failure>
  </testcase>
  <testcase name="shouldEqualString" classname="ist.meic.pava.MultipleDispatch.ComplexTest" time="0.001">
    <failure type="java.lang.UnsupportedOperationException">java.lang.UnsupportedOperationException
	at ist.meic.pava.MultipleDispatch.ComplexTest.shouldEqualString(ComplexTest.java:75)
</failure>
  </testcase>
  <testcase name="shouldEqualString" classname="ist.meic.pava.MultipleDispatch.ComplexTest" time="0.002">
    <failure type="java.lang.UnsupportedOperationException">java.lang.UnsupportedOperationException
	at ist.meic.pava.MultipleDispatch.ComplexTest.shouldEqualString(ComplexTest.java:75)
</failure>
  </testcase>
  <testcase name="shouldEqualString" classname="ist.meic.pava.MultipleDispatch.SimpleTest" time="0">
    <failure type="java.lang.UnsupportedOperationException">java.lang.UnsupportedOperationException
	at ist.meic.pava.MultipleDispatch.SimpleTest.shouldEqualString(SimpleTest.java:67)
</failure>
  </testcase>
  <testcase name="shouldEqualString" classname="ist.meic.pava.MultipleDispatch.SimpleTest" time="0">
    <failure type="java.lang.UnsupportedOperationException">java.lang.UnsupportedOperationException
	at ist.meic.pava.MultipleDispatch.SimpleTest.shouldEqualString(SimpleTest.java:67)
</failure>
  </testcase>
  <testcase name="shouldEqualString" classname="ist.meic.pava.MultipleDispatch.SimpleTest" time="0.001">
    <failure type="java.lang.UnsupportedOperationException">java.lang.UnsupportedOperationException
	at ist.meic.pava.MultipleDispatch.SimpleTest.shouldEqualString(SimpleTest.java:67)
</failure>
  </testcase>
  <testcase name="shouldEqualString" classname="ist.meic.pava.MultipleDispatch.SimpleTest" time="0">
    <failure type="java.lang.UnsupportedOperationException">java.lang.UnsupportedOperationException
	at ist.meic.pava.MultipleDispatch.SimpleTest.shouldEqualString(SimpleTest.java:67)
</failure>
  </testcase>
  <testcase name="shouldEqualString" classname="ist.meic.pava.MultipleDispatch.TestComplex" time="0">
    <failure type="java.lang.UnsupportedOperationException">java.lang.UnsupportedOperationException
	at ist.meic.pava.MultipleDispatch.TestComplex.shouldEqualString(TestComplex.java:75)
</failure>
  </testcase>
  <testcase name="shouldEqualString" classname="ist.meic.pava.MultipleDispatch.TestComplex" time="0.001">
    <failure type="java.lang.UnsupportedOperationException">java.lang.UnsupportedOperationException
	at ist.meic.pava.MultipleDispatch.TestComplex.shouldEqualString(TestComplex.java:75)
</failure>
  </testcase>
  <testcase name="shouldEqualString" classname="ist.meic.pava.MultipleDispatch.TestComplex" time="0">
    <failure type="java.lang.UnsupportedOperationException">java.lang.UnsupportedOperationException
	at ist.meic.pava.MultipleDispatch.TestComplex.shouldEqualString(TestComplex.java:75)
</failure>
  </testcase>
  <testcase name="shouldEqualString" classname="ist.meic.pava.MultipleDispatch.TestComplex" time="0">
    <failure type="java.lang.UnsupportedOperationException">java.lang.UnsupportedOperationException
	at ist.meic.pava.MultipleDispatch.TestComplex.shouldEqualString(TestComplex.java:75)
</failure>
  </testcase>
  <testcase name="shouldEqualString" classname="ist.meic.pava.MultipleDispatch.TestComplex" time="0">
    <failure type="java.lang.UnsupportedOperationException">java.lang.UnsupportedOperationException
	at ist.meic.pava.MultipleDispatch.TestComplex.shouldEqualString(TestComplex.java:75)
</failure>
  </testcase>
  <testcase name="shouldEqualString" classname="ist.meic.pava.MultipleDispatch.TestComplex" time="0.001">
    <failure type="java.lang.UnsupportedOperationException">java.lang.UnsupportedOperationException
	at ist.meic.pava.MultipleDispatch.TestComplex.shouldEqualString(TestComplex.java:75)
</failure>
  </testcase>
  <testcase name="shouldEqualString" classname="ist.meic.pava.MultipleDispatch.TestComplex" time="0">
    <failure type="java.lang.UnsupportedOperationException">java.lang.UnsupportedOperationException
	at ist.meic.pava.MultipleDispatch.TestComplex.shouldEqualString(TestComplex.java:75)
</failure>
  </testcase>
  <testcase name="shouldEqualString" classname="ist.meic.pava.MultipleDispatch.TestComplex" time="0">
    <failure type="java.lang.UnsupportedOperationException">java.lang.UnsupportedOperationException
	at ist.meic.pava.MultipleDispatch.TestComplex.shouldEqualString(TestComplex.java:75)
</failure>
  </testcase>
  <testcase name="shouldEqualString" classname="ist.meic.pava.MultipleDispatch.TestSimple" time="0">
    <failure type="java.lang.UnsupportedOperationException">java.lang.UnsupportedOperationException
	at ist.meic.pava.MultipleDispatch.TestSimple.shouldEqualString(TestSimple.java:67)
</failure>
  </testcase>
  <testcase name="shouldEqualString" classname="ist.meic.pava.MultipleDispatch.TestSimple" time="0">
    <failure type="java.lang.UnsupportedOperationException">java.lang.UnsupportedOperationException
	at ist.meic.pava.MultipleDispatch.TestSimple.shouldEqualString(TestSimple.java:67)
</failure>
  </testcase>
  <testcase name="shouldEqualString" classname="ist.meic.pava.MultipleDispatch.TestSimple" time="0.001">
    <failure type="java.lang.UnsupportedOperationException">java.lang.UnsupportedOperationException
	at ist.meic.pava.MultipleDispatch.TestSimple.shouldEqualString(TestSimple.java:67)
</failure>
  </testcase>
  <testcase name="shouldEqualString" classname="ist.meic.pava.MultipleDispatch.TestSimple" time="0">
    <failure type="java.lang.UnsupportedOperationException">java.lang.UnsupportedOperationException
	at ist.meic.pava.MultipleDispatch.TestSimple.shouldEqualString(TestSimple.java:67)
</failure>
  </testcase>
  <testcase name="shouldAnswerWithTrue on shouldAnswerWithTrue(ist.meic.pava.MultipleDispatch.AppTest)" classname="ist.meic.pava.MultipleDispatch.AppTest" time="0.001"/>
</testsuite>