-------------------------------------------------------------------------------
Test set: TestSuite
-------------------------------------------------------------------------------
Tests run: 25, Failures: 24, Errors: 0, Skipped: 0, Time elapsed: 0.762 s <<< FAILURE! - in TestSuite
shouldEqualString(ist.meic.pava.MultipleDispatch.ComplexTest)  Time elapsed: 0.01 s  <<< FAILURE!
java.lang.UnsupportedOperationException
	at ist.meic.pava.MultipleDispatch.ComplexTest.shouldEqualString(ComplexTest.java:75)

shouldEqualString(ist.meic.pava.MultipleDispatch.ComplexTest)  Time elapsed: 0 s  <<< FAILURE!
java.lang.UnsupportedOperationException
	at ist.meic.pava.MultipleDispatch.ComplexTest.shouldEqualString(ComplexTest.java:75)

shouldEqualString(ist.meic.pava.MultipleDispatch.ComplexTest)  Time elapsed: 0 s  <<< FAILURE!
java.lang.UnsupportedOperationException
	at ist.meic.pava.MultipleDispatch.ComplexTest.shouldEqualString(ComplexTest.java:75)

shouldEqualString(ist.meic.pava.MultipleDispatch.ComplexTest)  Time elapsed: 0 s  <<< FAILURE!
java.lang.UnsupportedOperationException
	at ist.meic.pava.MultipleDispatch.ComplexTest.shouldEqualString(ComplexTest.java:75)

shouldEqualString(ist.meic.pava.MultipleDispatch.ComplexTest)  Time elapsed: 0.001 s  <<< FAILURE!
java.lang.UnsupportedOperationException
	at ist.meic.pava.MultipleDispatch.ComplexTest.shouldEqualString(ComplexTest.java:75)

shouldEqualString(ist.meic.pava.MultipleDispatch.ComplexTest)  Time elapsed: 0 s  <<< FAILURE!
java.lang.UnsupportedOperationException
	at ist.meic.pava.MultipleDispatch.ComplexTest.shouldEqualString(ComplexTest.java:75)

shouldEqualString(ist.meic.pava.MultipleDispatch.ComplexTest)  Time elapsed: 0.001 s  <<< FAILURE!
java.lang.UnsupportedOperationException
	at ist.meic.pava.MultipleDispatch.ComplexTest.shouldEqualString(ComplexTest.java:75)

shouldEqualString(ist.meic.pava.MultipleDispatch.ComplexTest)  Time elapsed: 0.002 s  <<< FAILURE!
java.lang.UnsupportedOperationException
	at ist.meic.pava.MultipleDispatch.ComplexTest.shouldEqualString(ComplexTest.java:75)

shouldEqualString(ist.meic.pava.MultipleDispatch.SimpleTest)  Time elapsed: 0 s  <<< FAILURE!
java.lang.UnsupportedOperationException
	at ist.meic.pava.MultipleDispatch.SimpleTest.shouldEqualString(SimpleTest.java:67)

shouldEqualString(ist.meic.pava.MultipleDispatch.SimpleTest)  Time elapsed: 0 s  <<< FAILURE!
java.lang.UnsupportedOperationException
	at ist.meic.pava.MultipleDispatch.SimpleTest.shouldEqualString(SimpleTest.java:67)

shouldEqualString(ist.meic.pava.MultipleDispatch.SimpleTest)  Time elapsed: 0.001 s  <<< FAILURE!
java.lang.UnsupportedOperationException
	at ist.meic.pava.MultipleDispatch.SimpleTest.shouldEqualString(SimpleTest.java:67)

shouldEqualString(ist.meic.pava.MultipleDispatch.SimpleTest)  Time elapsed: 0 s  <<< FAILURE!
java.lang.UnsupportedOperationException
	at ist.meic.pava.MultipleDispatch.SimpleTest.shouldEqualString(SimpleTest.java:67)

shouldEqualString(ist.meic.pava.MultipleDispatch.TestComplex)  Time elapsed: 0 s  <<< FAILURE!
java.lang.UnsupportedOperationException
	at ist.meic.pava.MultipleDispatch.TestComplex.shouldEqualString(TestComplex.java:75)

shouldEqualString(ist.meic.pava.MultipleDispatch.TestComplex)  Time elapsed: 0.001 s  <<< FAILURE!
java.lang.UnsupportedOperationException
	at ist.meic.pava.MultipleDispatch.TestComplex.shouldEqualString(TestComplex.java:75)

shouldEqualString(ist.meic.pava.MultipleDispatch.TestComplex)  Time elapsed: 0 s  <<< FAILURE!
java.lang.UnsupportedOperationException
	at ist.meic.pava.MultipleDispatch.TestComplex.shouldEqualString(TestComplex.java:75)

shouldEqualString(ist.meic.pava.MultipleDispatch.TestComplex)  Time elapsed: 0 s  <<< FAILURE!
java.lang.UnsupportedOperationException
	at ist.meic.pava.MultipleDispatch.TestComplex.shouldEqualString(TestComplex.java:75)

shouldEqualString(ist.meic.pava.MultipleDispatch.TestComplex)  Time elapsed: 0 s  <<< FAILURE!
java.lang.UnsupportedOperationException
	at ist.meic.pava.MultipleDispatch.TestComplex.shouldEqualString(TestComplex.java:75)

shouldEqualString(ist.meic.pava.MultipleDispatch.TestComplex)  Time elapsed: 0.001 s  <<< FAILURE!
java.lang.UnsupportedOperationException
	at ist.meic.pava.MultipleDispatch.TestComplex.shouldEqualString(TestComplex.java:75)

shouldEqualString(ist.meic.pava.MultipleDispatch.TestComplex)  Time elapsed: 0 s  <<< FAILURE!
java.lang.UnsupportedOperationException
	at ist.meic.pava.MultipleDispatch.TestComplex.shouldEqualString(TestComplex.java:75)

shouldEqualString(ist.meic.pava.MultipleDispatch.TestComplex)  Time elapsed: 0 s  <<< FAILURE!
java.lang.UnsupportedOperationException
	at ist.meic.pava.MultipleDispatch.TestComplex.shouldEqualString(TestComplex.java:75)

shouldEqualString(ist.meic.pava.MultipleDispatch.TestSimple)  Time elapsed: 0 s  <<< FAILURE!
java.lang.UnsupportedOperationException
	at ist.meic.pava.MultipleDispatch.TestSimple.shouldEqualString(TestSimple.java:67)

shouldEqualString(ist.meic.pava.MultipleDispatch.TestSimple)  Time elapsed: 0 s  <<< FAILURE!
java.lang.UnsupportedOperationException
	at ist.meic.pava.MultipleDispatch.TestSimple.shouldEqualString(TestSimple.java:67)

shouldEqualString(ist.meic.pava.MultipleDispatch.TestSimple)  Time elapsed: 0.001 s  <<< FAILURE!
java.lang.UnsupportedOperationException
	at ist.meic.pava.MultipleDispatch.TestSimple.shouldEqualString(TestSimple.java:67)

shouldEqualString(ist.meic.pava.MultipleDispatch.TestSimple)  Time elapsed: 0 s  <<< FAILURE!
java.lang.UnsupportedOperationException
	at ist.meic.pava.MultipleDispatch.TestSimple.shouldEqualString(TestSimple.java:67)

